[themewagon.github.io/Industrio/index.html]
[backblue.gif]
[fade.gif]
[index.html]
[themewagon.github.io/Industrio/img/favicon.ico]
[cdnjs.cloudflare.com/ajax/libs/font-awesome/5.10.0/css/all.min.css]
[cdn.jsdelivr.net/npm/bootstrap-icons@1.4.1/font/bootstrap-icons.css]
[themewagon.github.io/Industrio/lib/animate/animate.min.css]
[themewagon.github.io/Industrio/lib/owlcarousel/assets/owl.carousel.min.css]
[themewagon.github.io/Industrio/css/bootstrap.min.css]
[themewagon.github.io/Industrio/css/style.css]
[themewagon.github.io/Industrio/about.html]
[themewagon.github.io/Industrio/service.html]
[themewagon.github.io/Industrio/project.html]
[themewagon.github.io/Industrio/feature.html]
[themewagon.github.io/Industrio/team.html]
[themewagon.github.io/Industrio/testimonial.html]
[themewagon.github.io/Industrio/404.html]
[themewagon.github.io/Industrio/contact.html]
[themewagon.github.io/Industrio/img/carousel-1.jpg]
[themewagon.github.io/Industrio/img/carousel-2.jpg]
[themewagon.github.io/Industrio/img/about-1.jpg]
[themewagon.github.io/Industrio/img/about-2.jpg]
[themewagon.github.io/Industrio/img/feature.jpg]
[themewagon.github.io/Industrio/img/service-1.jpg]
[themewagon.github.io/Industrio/img/service-2.jpg]
[themewagon.github.io/Industrio/img/service-3.jpg]
[themewagon.github.io/Industrio/img/project-1.jpg]
[themewagon.github.io/Industrio/img/project-2.jpg]
[themewagon.github.io/Industrio/img/project-3.jpg]
[themewagon.github.io/Industrio/img/project-4.jpg]
[themewagon.github.io/Industrio/img/project-5.jpg]
[themewagon.github.io/Industrio/img/project-6.jpg]
[themewagon.github.io/Industrio/img/team-1.jpg]
[themewagon.github.io/Industrio/img/team-2.jpg]
[themewagon.github.io/Industrio/img/team-3.jpg]
[themewagon.github.io/Industrio/img/testimonial-1.jpg]
[themewagon.github.io/Industrio/img/testimonial-2.jpg]
[themewagon.github.io/Industrio/img/testimonial-3.jpg]
[code.jquery.com/jquery-3.4.1.min.js]
[cdn.jsdelivr.net/npm/bootstrap@5.0.0/dist/js/bootstrap.bundle.min.js]
[themewagon.github.io/Industrio/lib/wow/wow.min.js]
[themewagon.github.io/Industrio/lib/easing/easing.min.js]
[themewagon.github.io/Industrio/lib/waypoints/waypoints.min.js]
[themewagon.github.io/Industrio/lib/owlcarousel/owl.carousel.min.js]
[themewagon.github.io/Industrio/lib/counterup/counterup.min.js]
[themewagon.github.io/Industrio/js/main.js]
[themewagon.github.io/Industrio/index.html]
[themewagon.github.io/Industrio/img/favicon.html]
[cdnjs.cloudflare.com/ajax/libs/font-awesome/5.10.0/css/all.min.css]
[cdn.jsdelivr.net/npm/bootstrap-icons@1.4.1/font/fonts/bootstrap-iconsfb95.woff2]
[cdn.jsdelivr.net/npm/bootstrap-icons@1.4.1/font/fonts/bootstrap-iconsfb95.woff]
[cdn.jsdelivr.net/npm/bootstrap-icons@1.4.1/font/bootstrap-icons.css]
[themewagon.github.io/Industrio/lib/animate/animate.min.css]
[themewagon.github.io/Industrio/lib/owlcarousel/assets/owl.video.play.png]
[themewagon.github.io/Industrio/lib/owlcarousel/assets/owl.carousel.min.css]
[themewagon.github.io/Industrio/css/bootstrap.min.css]
[themewagon.github.io/Industrio/css/style.css]
[themewagon.github.io/Industrio/about.html]
[themewagon.github.io/Industrio/service.html]
[themewagon.github.io/Industrio/project.html]
[themewagon.github.io/Industrio/feature.html]
[themewagon.github.io/Industrio/team.html]
[themewagon.github.io/Industrio/testimonial.html]
[themewagon.github.io/Industrio/404.html]
[themewagon.github.io/Industrio/contact.html]
